<?xml version="1.0" encoding="UTF-8"?>
<!-- Generated by org.testng.reporters.JUnitReportReporter -->
<testsuite hostname="J166DTRV" name="com.gurubanking.testcases.testpage" tests="1" failures="0" timestamp="18 Jun 2019 12:20:37 GMT" time="26.894" errors="0">
  <testcase name="test1" time="26.894" classname="com.gurubanking.testcases.testpage"/>
</testsuite> <!-- com.gurubanking.testcases.testpage -->
