<?xml version="1.0" encoding="UTF-8"?>
<!-- Generated by org.testng.reporters.JUnitReportReporter -->
<testsuite skipped="0" hostname="hp-PC" name="com.gurubanking.testcases.LoginTest" tests="2" failures="0" timestamp="19 Feb 2020 19:01:07 GMT" time="151.363" errors="0">
  <testcase name="resetCredentialsTest" time="76.119" classname="com.gurubanking.testcases.LoginTest"/>
  <testcase name="validLoginTest" time="75.244" classname="com.gurubanking.testcases.LoginTest"/>
</testsuite> <!-- com.gurubanking.testcases.LoginTest -->
