<?xml version="1.0" encoding="UTF-8"?>
<!-- Generated by org.testng.reporters.JUnitReportReporter -->
<testsuite hostname="J166DTRV" name="testClass" tests="1" failures="0" timestamp="20 Jun 2019 13:30:14 GMT" time="25.047" errors="0">
  <testcase name="test" time="25.047" classname="testClass"/>
</testsuite> <!-- testClass -->
