<?xml version="1.0" encoding="UTF-8"?>
<!-- Generated by org.testng.reporters.JUnitReportReporter -->
<testsuite hostname="B534DCOK" name="com.gurubanking.testcases.NewCustomerTest" tests="1" failures="0" timestamp="17 Jul 2019 08:24:49 GMT" time="25.874" errors="0">
  <testcase name="submitWithoutDataTest" time="25.874" classname="com.gurubanking.testcases.NewCustomerTest"/>
</testsuite> <!-- com.gurubanking.testcases.NewCustomerTest -->
