<?xml version="1.0" encoding="UTF-8"?>
<!-- Generated by org.testng.reporters.JUnitReportReporter -->
<testsuite hostname="B534DCOK" name="com.gurubanking.testcases.LoginTest" tests="1" failures="0" timestamp="15 Jul 2019 05:18:13 GMT" time="30.486" errors="0">
  <testcase name="validLoginTest" time="30.486" classname="com.gurubanking.testcases.LoginTest"/>
</testsuite> <!-- com.gurubanking.testcases.LoginTest -->
