<?xml version="1.0" encoding="UTF-8"?>
<!-- Generated by org.testng.reporters.JUnitReportReporter -->
<testsuite hostname="B534DCOK" name="com.gurubanking.testcases.LoginTest" tests="2" failures="0" timestamp="16 Jul 2019 10:16:52 GMT" time="56.595" errors="0">
  <testcase name="resetCredentialsTest" time="33.926" classname="com.gurubanking.testcases.LoginTest"/>
  <testcase name="validLoginTest" time="22.669" classname="com.gurubanking.testcases.LoginTest"/>
</testsuite> <!-- com.gurubanking.testcases.LoginTest -->
