<?xml version="1.0" encoding="UTF-8"?>
<!-- Generated by org.testng.reporters.JUnitReportReporter -->
<testsuite hostname="B534DCOK" name="com.gurubanking.testcases.LoginTest" tests="2" failures="0" timestamp="18 Jul 2019 08:50:48 GMT" time="44.327" errors="0">
  <testcase name="resetCredentialsTest" time="23.202" classname="com.gurubanking.testcases.LoginTest"/>
  <testcase name="validLoginTest" time="21.125" classname="com.gurubanking.testcases.LoginTest"/>
</testsuite> <!-- com.gurubanking.testcases.LoginTest -->
