<?xml version="1.0" encoding="UTF-8"?>
<!-- Generated by org.testng.reporters.JUnitReportReporter -->
<testsuite hostname="B534DCOK" name="com.gurubanking.testcases.NewCustomerTest" tests="1" failures="0" timestamp="15 Jul 2019 07:01:19 GMT" time="30.289" errors="0">
  <testcase name="verifyNewCustomer" time="30.289" classname="com.gurubanking.testcases.NewCustomerTest"/>
</testsuite> <!-- com.gurubanking.testcases.NewCustomerTest -->
