<?xml version="1.0" encoding="UTF-8"?>
<!-- Generated by org.testng.reporters.JUnitReportReporter -->
<testsuite hostname="B534DCOK" name="com.gurubanking.testcases.NewCustomerTest" tests="1" failures="0" timestamp="17 Jul 2019 09:31:26 GMT" time="38.058" errors="0">
  <testcase name="submitWithoutDataTest" time="38.058" classname="com.gurubanking.testcases.NewCustomerTest"/>
</testsuite> <!-- com.gurubanking.testcases.NewCustomerTest -->
